{"C:\\Users\\riado\\OneDrive\\Documentos\\Projects\\GoStack\\GoBarber\\GoBarber-Mobile\\src\\components\\Button\\index.tsx": {"path":"C:\\Users\\riado\\OneDrive\\Documentos\\Projects\\GoStack\\GoBarber\\GoBarber-Mobile\\src\\components\\Button\\index.tsx","statementMap":{"0":{"start":{"line":9,"column":38},"end":{"line":15,"column":1}},"1":{"start":{"line":10,"column":4},"end":{"line":14,"column":6}}},"fnMap":{"0":{"name":"(anonymous_0)","decl":{"start":{"line":9,"column":38},"end":{"line":9,"column":39}},"loc":{"start":{"line":9,"column":66},"end":{"line":15,"column":1}},"line":9}},"branchMap":{},"s":{"0":1,"1":1},"f":{"0":1},"b":{},"_coverageSchema":"1a1c01bbd47fc00a2c39e90264f33305004495a9","hash":"5e429e5c5396dabf524d5adbab81218d98b4d99a"}
,"C:\\Users\\riado\\OneDrive\\Documentos\\Projects\\GoStack\\GoBarber\\GoBarber-Mobile\\src\\components\\Input\\index.tsx": {"path":"C:\\Users\\riado\\OneDrive\\Documentos\\Projects\\GoStack\\GoBarber\\GoBarber-Mobile\\src\\components\\Input\\index.tsx","statementMap":{"0":{"start":{"line":27,"column":68},"end":{"line":97,"column":1}},"1":{"start":{"line":31,"column":28},"end":{"line":31,"column":45}},"2":{"start":{"line":32,"column":38},"end":{"line":32,"column":53}},"3":{"start":{"line":33,"column":38},"end":{"line":33,"column":53}},"4":{"start":{"line":35,"column":29},"end":{"line":37,"column":10}},"5":{"start":{"line":36,"column":8},"end":{"line":36,"column":27}},"6":{"start":{"line":39,"column":28},"end":{"line":43,"column":10}},"7":{"start":{"line":40,"column":8},"end":{"line":40,"column":28}},"8":{"start":{"line":42,"column":8},"end":{"line":42,"column":52}},"9":{"start":{"line":45,"column":67},"end":{"line":47,"column":5}},"10":{"start":{"line":48,"column":26},"end":{"line":48,"column":78}},"11":{"start":{"line":50,"column":4},"end":{"line":54,"column":8}},"12":{"start":{"line":50,"column":36},"end":{"line":54,"column":5}},"13":{"start":{"line":52,"column":12},"end":{"line":52,"column":44}},"14":{"start":{"line":56,"column":4},"end":{"line":70,"column":35}},"15":{"start":{"line":57,"column":8},"end":{"line":69,"column":11}},"16":{"start":{"line":62,"column":16},"end":{"line":62,"column":52}},"17":{"start":{"line":63,"column":16},"end":{"line":63,"column":72}},"18":{"start":{"line":66,"column":16},"end":{"line":66,"column":49}},"19":{"start":{"line":67,"column":16},"end":{"line":67,"column":48}},"20":{"start":{"line":72,"column":4},"end":{"line":96,"column":6}},"21":{"start":{"line":88,"column":20},"end":{"line":88,"column":56}}},"fnMap":{"0":{"name":"(anonymous_0)","decl":{"start":{"line":27,"column":68},"end":{"line":27,"column":69}},"loc":{"start":{"line":30,"column":5},"end":{"line":97,"column":1}},"line":30},"1":{"name":"(anonymous_1)","decl":{"start":{"line":35,"column":41},"end":{"line":35,"column":42}},"loc":{"start":{"line":35,"column":47},"end":{"line":37,"column":5}},"line":35},"2":{"name":"(anonymous_2)","decl":{"start":{"line":39,"column":40},"end":{"line":39,"column":41}},"loc":{"start":{"line":39,"column":46},"end":{"line":43,"column":5}},"line":39},"3":{"name":"(anonymous_3)","decl":{"start":{"line":50,"column":29},"end":{"line":50,"column":30}},"loc":{"start":{"line":50,"column":36},"end":{"line":54,"column":5}},"line":50},"4":{"name":"(anonymous_4)","decl":{"start":{"line":51,"column":8},"end":{"line":51,"column":9}},"loc":{"start":{"line":51,"column":16},"end":{"line":53,"column":9}},"line":51},"5":{"name":"(anonymous_5)","decl":{"start":{"line":56,"column":14},"end":{"line":56,"column":15}},"loc":{"start":{"line":56,"column":20},"end":{"line":70,"column":5}},"line":56},"6":{"name":"(anonymous_6)","decl":{"start":{"line":61,"column":12},"end":{"line":61,"column":13}},"loc":{"start":{"line":61,"column":38},"end":{"line":64,"column":13}},"line":61},"7":{"name":"(anonymous_7)","decl":{"start":{"line":65,"column":12},"end":{"line":65,"column":13}},"loc":{"start":{"line":65,"column":25},"end":{"line":68,"column":13}},"line":65},"8":{"name":"(anonymous_8)","decl":{"start":{"line":87,"column":30},"end":{"line":87,"column":31}},"loc":{"start":{"line":87,"column":39},"end":{"line":89,"column":17}},"line":87}},"branchMap":{"0":{"loc":{"start":{"line":28,"column":18},"end":{"line":28,"column":37}},"type":"default-arg","locations":[{"start":{"line":28,"column":35},"end":{"line":28,"column":37}}],"line":28},"1":{"loc":{"start":{"line":45,"column":23},"end":{"line":45,"column":40}},"type":"default-arg","locations":[{"start":{"line":45,"column":38},"end":{"line":45,"column":40}}],"line":45},"2":{"loc":{"start":{"line":81,"column":23},"end":{"line":81,"column":69}},"type":"cond-expr","locations":[{"start":{"line":81,"column":48},"end":{"line":81,"column":57}},{"start":{"line":81,"column":60},"end":{"line":81,"column":69}}],"line":81},"3":{"loc":{"start":{"line":81,"column":23},"end":{"line":81,"column":45}},"type":"binary-expr","locations":[{"start":{"line":81,"column":23},"end":{"line":81,"column":32}},{"start":{"line":81,"column":36},"end":{"line":81,"column":45}}],"line":81}},"s":{"0":1,"1":2,"2":2,"3":2,"4":2,"5":0,"6":2,"7":0,"8":0,"9":2,"10":2,"11":2,"12":1,"13":0,"14":2,"15":2,"16":0,"17":0,"18":0,"19":0,"20":2,"21":0},"f":{"0":2,"1":0,"2":0,"3":1,"4":0,"5":2,"6":0,"7":0,"8":0},"b":{"0":[2],"1":[2],"2":[0,2],"3":[2,2]},"_coverageSchema":"1a1c01bbd47fc00a2c39e90264f33305004495a9","hash":"e4bbf7f2cafb1475bd64b3a23765ffef101f94d2"}
,"C:\\Users\\riado\\OneDrive\\Documentos\\Projects\\GoStack\\GoBarber\\GoBarber-Mobile\\src\\hooks\\auth.tsx": {"path":"C:\\Users\\riado\\OneDrive\\Documentos\\Projects\\GoStack\\GoBarber\\GoBarber-Mobile\\src\\hooks\\auth.tsx","statementMap":{"0":{"start":{"line":36,"column":20},"end":{"line":36,"column":73}},"1":{"start":{"line":38,"column":38},"end":{"line":105,"column":1}},"2":{"start":{"line":39,"column":28},"end":{"line":39,"column":64}},"3":{"start":{"line":40,"column":34},"end":{"line":40,"column":48}},"4":{"start":{"line":42,"column":4},"end":{"line":60,"column":11}},"5":{"start":{"line":47,"column":34},"end":{"line":50,"column":14}},"6":{"start":{"line":52,"column":12},"end":{"line":55,"column":13}},"7":{"start":{"line":53,"column":16},"end":{"line":53,"column":72}},"8":{"start":{"line":54,"column":16},"end":{"line":54,"column":74}},"9":{"start":{"line":56,"column":12},"end":{"line":56,"column":30}},"10":{"start":{"line":59,"column":8},"end":{"line":59,"column":27}},"11":{"start":{"line":62,"column":19},"end":{"line":78,"column":10}},"12":{"start":{"line":63,"column":25},"end":{"line":67,"column":10}},"13":{"start":{"line":68,"column":32},"end":{"line":68,"column":45}},"14":{"start":{"line":70,"column":8},"end":{"line":73,"column":11}},"15":{"start":{"line":75,"column":8},"end":{"line":75,"column":63}},"16":{"start":{"line":77,"column":8},"end":{"line":77,"column":33}},"17":{"start":{"line":80,"column":23},"end":{"line":90,"column":5}},"18":{"start":{"line":82,"column":12},"end":{"line":85,"column":15}},"19":{"start":{"line":87,"column":12},"end":{"line":87,"column":79}},"20":{"start":{"line":92,"column":20},"end":{"line":96,"column":10}},"21":{"start":{"line":93,"column":8},"end":{"line":93,"column":78}},"22":{"start":{"line":95,"column":8},"end":{"line":95,"column":33}},"23":{"start":{"line":98,"column":4},"end":{"line":104,"column":6}},"24":{"start":{"line":108,"column":20},"end":{"line":108,"column":43}},"25":{"start":{"line":110,"column":4},"end":{"line":112,"column":5}},"26":{"start":{"line":111,"column":8},"end":{"line":111,"column":71}},"27":{"start":{"line":113,"column":4},"end":{"line":113,"column":19}}},"fnMap":{"0":{"name":"(anonymous_0)","decl":{"start":{"line":38,"column":38},"end":{"line":38,"column":39}},"loc":{"start":{"line":38,"column":56},"end":{"line":105,"column":1}},"line":38},"1":{"name":"(anonymous_1)","decl":{"start":{"line":42,"column":14},"end":{"line":42,"column":15}},"loc":{"start":{"line":42,"column":20},"end":{"line":60,"column":5}},"line":42},"2":{"name":"loadStoragedData","decl":{"start":{"line":43,"column":23},"end":{"line":43,"column":39}},"loc":{"start":{"line":43,"column":57},"end":{"line":57,"column":9}},"line":43},"3":{"name":"(anonymous_3)","decl":{"start":{"line":62,"column":31},"end":{"line":62,"column":32}},"loc":{"start":{"line":62,"column":71},"end":{"line":78,"column":5}},"line":62},"4":{"name":"(anonymous_4)","decl":{"start":{"line":81,"column":8},"end":{"line":81,"column":9}},"loc":{"start":{"line":81,"column":30},"end":{"line":88,"column":9}},"line":81},"5":{"name":"(anonymous_5)","decl":{"start":{"line":92,"column":32},"end":{"line":92,"column":33}},"loc":{"start":{"line":92,"column":44},"end":{"line":96,"column":5}},"line":92},"6":{"name":"useAuth","decl":{"start":{"line":107,"column":16},"end":{"line":107,"column":23}},"loc":{"start":{"line":107,"column":43},"end":{"line":114,"column":1}},"line":107}},"branchMap":{"0":{"loc":{"start":{"line":52,"column":12},"end":{"line":55,"column":13}},"type":"if","locations":[{"start":{"line":52,"column":12},"end":{"line":55,"column":13}},{"start":{"line":52,"column":12},"end":{"line":55,"column":13}}],"line":52},"1":{"loc":{"start":{"line":52,"column":16},"end":{"line":52,"column":35}},"type":"binary-expr","locations":[{"start":{"line":52,"column":16},"end":{"line":52,"column":24}},{"start":{"line":52,"column":28},"end":{"line":52,"column":35}}],"line":52},"2":{"loc":{"start":{"line":110,"column":4},"end":{"line":112,"column":5}},"type":"if","locations":[{"start":{"line":110,"column":4},"end":{"line":112,"column":5}},{"start":{"line":110,"column":4},"end":{"line":112,"column":5}}],"line":110}},"s":{"0":1,"1":1,"2":0,"3":0,"4":0,"5":0,"6":0,"7":0,"8":0,"9":0,"10":0,"11":0,"12":0,"13":0,"14":0,"15":0,"16":0,"17":0,"18":0,"19":0,"20":0,"21":0,"22":0,"23":0,"24":1,"25":1,"26":0,"27":1},"f":{"0":0,"1":0,"2":0,"3":0,"4":0,"5":0,"6":1},"b":{"0":[0,0],"1":[0,0],"2":[0,1]},"_coverageSchema":"1a1c01bbd47fc00a2c39e90264f33305004495a9","hash":"90fb7d87cf9448ec08c8926fc20a6b726c8d0730"}
,"C:\\Users\\riado\\OneDrive\\Documentos\\Projects\\GoStack\\GoBarber\\GoBarber-Mobile\\src\\pages\\AppointmentCreated\\index.tsx": {"path":"C:\\Users\\riado\\OneDrive\\Documentos\\Projects\\GoStack\\GoBarber\\GoBarber-Mobile\\src\\pages\\AppointmentCreated\\index.tsx","statementMap":{"0":{"start":{"line":18,"column":37},"end":{"line":55,"column":1}},"1":{"start":{"line":19,"column":22},"end":{"line":19,"column":37}},"2":{"start":{"line":20,"column":21},"end":{"line":20,"column":53}},"3":{"start":{"line":22,"column":28},"end":{"line":31,"column":15}},"4":{"start":{"line":23,"column":8},"end":{"line":30,"column":11}},"5":{"start":{"line":33,"column":26},"end":{"line":41,"column":14}},"6":{"start":{"line":34,"column":8},"end":{"line":40,"column":10}},"7":{"start":{"line":43,"column":4},"end":{"line":54,"column":6}}},"fnMap":{"0":{"name":"(anonymous_0)","decl":{"start":{"line":18,"column":37},"end":{"line":18,"column":38}},"loc":{"start":{"line":18,"column":43},"end":{"line":55,"column":1}},"line":18},"1":{"name":"(anonymous_1)","decl":{"start":{"line":22,"column":40},"end":{"line":22,"column":41}},"loc":{"start":{"line":22,"column":46},"end":{"line":31,"column":5}},"line":22},"2":{"name":"(anonymous_2)","decl":{"start":{"line":33,"column":34},"end":{"line":33,"column":35}},"loc":{"start":{"line":33,"column":40},"end":{"line":41,"column":5}},"line":33}},"branchMap":{},"s":{"0":0,"1":0,"2":0,"3":0,"4":0,"5":0,"6":0,"7":0},"f":{"0":0,"1":0,"2":0},"b":{}}
,"C:\\Users\\riado\\OneDrive\\Documentos\\Projects\\GoStack\\GoBarber\\GoBarber-Mobile\\src\\pages\\CreateAppointment\\index.tsx": {"path":"C:\\Users\\riado\\OneDrive\\Documentos\\Projects\\GoStack\\GoBarber\\GoBarber-Mobile\\src\\pages\\CreateAppointment\\index.tsx","statementMap":{"0":{"start":{"line":50,"column":36},"end":{"line":276,"column":1}},"1":{"start":{"line":51,"column":18},"end":{"line":51,"column":28}},"2":{"start":{"line":52,"column":21},"end":{"line":52,"column":30}},"3":{"start":{"line":53,"column":48},"end":{"line":53,"column":63}},"4":{"start":{"line":54,"column":44},"end":{"line":54,"column":64}},"5":{"start":{"line":55,"column":38},"end":{"line":55,"column":62}},"6":{"start":{"line":56,"column":44},"end":{"line":56,"column":76}},"7":{"start":{"line":57,"column":44},"end":{"line":57,"column":55}},"8":{"start":{"line":59,"column":24},"end":{"line":59,"column":51}},"9":{"start":{"line":61,"column":52},"end":{"line":63,"column":5}},"10":{"start":{"line":64,"column":33},"end":{"line":64,"column":48}},"11":{"start":{"line":66,"column":4},"end":{"line":70,"column":11}},"12":{"start":{"line":67,"column":8},"end":{"line":69,"column":11}},"13":{"start":{"line":68,"column":12},"end":{"line":68,"column":45}},"14":{"start":{"line":72,"column":4},"end":{"line":82,"column":41}},"15":{"start":{"line":73,"column":8},"end":{"line":81,"column":11}},"16":{"start":{"line":80,"column":12},"end":{"line":80,"column":43}},"17":{"start":{"line":84,"column":33},"end":{"line":86,"column":10}},"18":{"start":{"line":85,"column":8},"end":{"line":85,"column":40}},"19":{"start":{"line":88,"column":25},"end":{"line":90,"column":16}},"20":{"start":{"line":89,"column":8},"end":{"line":89,"column":17}},"21":{"start":{"line":92,"column":35},"end":{"line":94,"column":10}},"22":{"start":{"line":93,"column":8},"end":{"line":93,"column":43}},"23":{"start":{"line":93,"column":35},"end":{"line":93,"column":41}},"24":{"start":{"line":96,"column":29},"end":{"line":104,"column":10}},"25":{"start":{"line":97,"column":8},"end":{"line":99,"column":9}},"26":{"start":{"line":98,"column":12},"end":{"line":98,"column":37}},"27":{"start":{"line":101,"column":8},"end":{"line":103,"column":9}},"28":{"start":{"line":102,"column":12},"end":{"line":102,"column":34}},"29":{"start":{"line":106,"column":32},"end":{"line":116,"column":22}},"30":{"start":{"line":107,"column":8},"end":{"line":115,"column":15}},"31":{"start":{"line":108,"column":34},"end":{"line":108,"column":43}},"32":{"start":{"line":110,"column":16},"end":{"line":114,"column":18}},"33":{"start":{"line":118,"column":34},"end":{"line":128,"column":22}},"34":{"start":{"line":119,"column":8},"end":{"line":127,"column":15}},"35":{"start":{"line":120,"column":34},"end":{"line":120,"column":44}},"36":{"start":{"line":122,"column":16},"end":{"line":126,"column":18}},"37":{"start":{"line":130,"column":29},"end":{"line":132,"column":10}},"38":{"start":{"line":131,"column":8},"end":{"line":131,"column":30}},"39":{"start":{"line":134,"column":36},"end":{"line":153,"column":64}},"40":{"start":{"line":135,"column":8},"end":{"line":152,"column":9}},"41":{"start":{"line":136,"column":25},"end":{"line":136,"column":47}},"42":{"start":{"line":138,"column":12},"end":{"line":138,"column":40}},"43":{"start":{"line":139,"column":12},"end":{"line":139,"column":31}},"44":{"start":{"line":141,"column":12},"end":{"line":144,"column":15}},"45":{"start":{"line":146,"column":12},"end":{"line":146,"column":69}},"46":{"start":{"line":148,"column":12},"end":{"line":151,"column":14}},"47":{"start":{"line":155,"column":4},"end":{"line":275,"column":6}},"48":{"start":{"line":173,"column":50},"end":{"line":173,"column":61}},"49":{"start":{"line":175,"column":28},"end":{"line":189,"column":48}},"50":{"start":{"line":177,"column":36},"end":{"line":177,"column":70}},"51":{"start":{"line":221,"column":36},"end":{"line":235,"column":43}},"52":{"start":{"line":225,"column":44},"end":{"line":225,"column":67}},"53":{"start":{"line":247,"column":36},"end":{"line":261,"column":43}},"54":{"start":{"line":251,"column":44},"end":{"line":251,"column":67}}},"fnMap":{"0":{"name":"(anonymous_0)","decl":{"start":{"line":50,"column":36},"end":{"line":50,"column":37}},"loc":{"start":{"line":50,"column":42},"end":{"line":276,"column":1}},"line":50},"1":{"name":"(anonymous_1)","decl":{"start":{"line":66,"column":14},"end":{"line":66,"column":15}},"loc":{"start":{"line":66,"column":20},"end":{"line":70,"column":5}},"line":66},"2":{"name":"(anonymous_2)","decl":{"start":{"line":67,"column":35},"end":{"line":67,"column":36}},"loc":{"start":{"line":67,"column":47},"end":{"line":69,"column":9}},"line":67},"3":{"name":"(anonymous_3)","decl":{"start":{"line":72,"column":14},"end":{"line":72,"column":15}},"loc":{"start":{"line":72,"column":20},"end":{"line":82,"column":5}},"line":72},"4":{"name":"(anonymous_4)","decl":{"start":{"line":79,"column":16},"end":{"line":79,"column":17}},"loc":{"start":{"line":79,"column":28},"end":{"line":81,"column":9}},"line":79},"5":{"name":"(anonymous_5)","decl":{"start":{"line":84,"column":45},"end":{"line":84,"column":46}},"loc":{"start":{"line":84,"column":69},"end":{"line":86,"column":5}},"line":84},"6":{"name":"(anonymous_6)","decl":{"start":{"line":88,"column":37},"end":{"line":88,"column":38}},"loc":{"start":{"line":88,"column":43},"end":{"line":90,"column":5}},"line":88},"7":{"name":"(anonymous_7)","decl":{"start":{"line":92,"column":47},"end":{"line":92,"column":48}},"loc":{"start":{"line":92,"column":53},"end":{"line":94,"column":5}},"line":92},"8":{"name":"(anonymous_8)","decl":{"start":{"line":93,"column":26},"end":{"line":93,"column":27}},"loc":{"start":{"line":93,"column":35},"end":{"line":93,"column":41}},"line":93},"9":{"name":"(anonymous_9)","decl":{"start":{"line":96,"column":41},"end":{"line":96,"column":42}},"loc":{"start":{"line":96,"column":76},"end":{"line":104,"column":5}},"line":96},"10":{"name":"(anonymous_10)","decl":{"start":{"line":106,"column":40},"end":{"line":106,"column":41}},"loc":{"start":{"line":106,"column":46},"end":{"line":116,"column":5}},"line":106},"11":{"name":"(anonymous_11)","decl":{"start":{"line":108,"column":20},"end":{"line":108,"column":21}},"loc":{"start":{"line":108,"column":34},"end":{"line":108,"column":43}},"line":108},"12":{"name":"(anonymous_12)","decl":{"start":{"line":109,"column":17},"end":{"line":109,"column":18}},"loc":{"start":{"line":109,"column":42},"end":{"line":115,"column":13}},"line":109},"13":{"name":"(anonymous_13)","decl":{"start":{"line":118,"column":42},"end":{"line":118,"column":43}},"loc":{"start":{"line":118,"column":48},"end":{"line":128,"column":5}},"line":118},"14":{"name":"(anonymous_14)","decl":{"start":{"line":120,"column":20},"end":{"line":120,"column":21}},"loc":{"start":{"line":120,"column":34},"end":{"line":120,"column":44}},"line":120},"15":{"name":"(anonymous_15)","decl":{"start":{"line":121,"column":17},"end":{"line":121,"column":18}},"loc":{"start":{"line":121,"column":42},"end":{"line":127,"column":13}},"line":121},"16":{"name":"(anonymous_16)","decl":{"start":{"line":130,"column":41},"end":{"line":130,"column":42}},"loc":{"start":{"line":130,"column":59},"end":{"line":132,"column":5}},"line":130},"17":{"name":"(anonymous_17)","decl":{"start":{"line":134,"column":48},"end":{"line":134,"column":49}},"loc":{"start":{"line":134,"column":60},"end":{"line":153,"column":5}},"line":134},"18":{"name":"(anonymous_18)","decl":{"start":{"line":173,"column":38},"end":{"line":173,"column":39}},"loc":{"start":{"line":173,"column":50},"end":{"line":173,"column":61}},"line":173},"19":{"name":"(anonymous_19)","decl":{"start":{"line":174,"column":36},"end":{"line":174,"column":37}},"loc":{"start":{"line":175,"column":28},"end":{"line":189,"column":48}},"line":175},"20":{"name":"(anonymous_20)","decl":{"start":{"line":176,"column":41},"end":{"line":176,"column":42}},"loc":{"start":{"line":176,"column":47},"end":{"line":178,"column":33}},"line":176},"21":{"name":"(anonymous_21)","decl":{"start":{"line":220,"column":32},"end":{"line":220,"column":33}},"loc":{"start":{"line":221,"column":36},"end":{"line":235,"column":43}},"line":221},"22":{"name":"(anonymous_22)","decl":{"start":{"line":224,"column":49},"end":{"line":224,"column":50}},"loc":{"start":{"line":224,"column":55},"end":{"line":226,"column":41}},"line":224},"23":{"name":"(anonymous_23)","decl":{"start":{"line":246,"column":32},"end":{"line":246,"column":33}},"loc":{"start":{"line":247,"column":36},"end":{"line":261,"column":43}},"line":247},"24":{"name":"(anonymous_24)","decl":{"start":{"line":250,"column":49},"end":{"line":250,"column":50}},"loc":{"start":{"line":250,"column":55},"end":{"line":252,"column":41}},"line":250}},"branchMap":{"0":{"loc":{"start":{"line":97,"column":8},"end":{"line":99,"column":9}},"type":"if","locations":[{"start":{"line":97,"column":8},"end":{"line":99,"column":9}},{"start":{"line":97,"column":8},"end":{"line":99,"column":9}}],"line":97},"1":{"loc":{"start":{"line":101,"column":8},"end":{"line":103,"column":9}},"type":"if","locations":[{"start":{"line":101,"column":8},"end":{"line":103,"column":9}},{"start":{"line":101,"column":8},"end":{"line":103,"column":9}}],"line":101},"2":{"loc":{"start":{"line":202,"column":21},"end":{"line":209,"column":21}},"type":"binary-expr","locations":[{"start":{"line":202,"column":21},"end":{"line":202,"column":35}},{"start":{"line":203,"column":24},"end":{"line":208,"column":26}}],"line":202}},"s":{"0":0,"1":0,"2":0,"3":0,"4":0,"5":0,"6":0,"7":0,"8":0,"9":0,"10":0,"11":0,"12":0,"13":0,"14":0,"15":0,"16":0,"17":0,"18":0,"19":0,"20":0,"21":0,"22":0,"23":0,"24":0,"25":0,"26":0,"27":0,"28":0,"29":0,"30":0,"31":0,"32":0,"33":0,"34":0,"35":0,"36":0,"37":0,"38":0,"39":0,"40":0,"41":0,"42":0,"43":0,"44":0,"45":0,"46":0,"47":0,"48":0,"49":0,"50":0,"51":0,"52":0,"53":0,"54":0},"f":{"0":0,"1":0,"2":0,"3":0,"4":0,"5":0,"6":0,"7":0,"8":0,"9":0,"10":0,"11":0,"12":0,"13":0,"14":0,"15":0,"16":0,"17":0,"18":0,"19":0,"20":0,"21":0,"22":0,"23":0,"24":0},"b":{"0":[0,0],"1":[0,0],"2":[0,0]}}
,"C:\\Users\\riado\\OneDrive\\Documentos\\Projects\\GoStack\\GoBarber\\GoBarber-Mobile\\src\\pages\\Dashboard\\index.tsx": {"path":"C:\\Users\\riado\\OneDrive\\Documentos\\Projects\\GoStack\\GoBarber\\GoBarber-Mobile\\src\\pages\\Dashboard\\index.tsx","statementMap":{"0":{"start":{"line":29,"column":28},"end":{"line":103,"column":1}},"1":{"start":{"line":30,"column":21},"end":{"line":30,"column":30}},"2":{"start":{"line":31,"column":38},"end":{"line":31,"column":62}},"3":{"start":{"line":32,"column":23},"end":{"line":32,"column":38}},"4":{"start":{"line":34,"column":4},"end":{"line":38,"column":11}},"5":{"start":{"line":35,"column":8},"end":{"line":37,"column":11}},"6":{"start":{"line":36,"column":12},"end":{"line":36,"column":45}},"7":{"start":{"line":40,"column":30},"end":{"line":42,"column":20}},"8":{"start":{"line":41,"column":8},"end":{"line":41,"column":39}},"9":{"start":{"line":44,"column":40},"end":{"line":49,"column":5}},"10":{"start":{"line":46,"column":12},"end":{"line":46,"column":69}},"11":{"start":{"line":51,"column":4},"end":{"line":102,"column":6}},"12":{"start":{"line":66,"column":42},"end":{"line":66,"column":53}},"13":{"start":{"line":71,"column":20},"end":{"line":98,"column":40}},"14":{"start":{"line":73,"column":28},"end":{"line":73,"column":69}}},"fnMap":{"0":{"name":"(anonymous_0)","decl":{"start":{"line":29,"column":28},"end":{"line":29,"column":29}},"loc":{"start":{"line":29,"column":34},"end":{"line":103,"column":1}},"line":29},"1":{"name":"(anonymous_1)","decl":{"start":{"line":34,"column":14},"end":{"line":34,"column":15}},"loc":{"start":{"line":34,"column":20},"end":{"line":38,"column":5}},"line":34},"2":{"name":"(anonymous_2)","decl":{"start":{"line":35,"column":35},"end":{"line":35,"column":36}},"loc":{"start":{"line":35,"column":47},"end":{"line":37,"column":9}},"line":35},"3":{"name":"(anonymous_3)","decl":{"start":{"line":40,"column":42},"end":{"line":40,"column":43}},"loc":{"start":{"line":40,"column":48},"end":{"line":42,"column":5}},"line":40},"4":{"name":"(anonymous_4)","decl":{"start":{"line":45,"column":8},"end":{"line":45,"column":9}},"loc":{"start":{"line":45,"column":32},"end":{"line":47,"column":9}},"line":45},"5":{"name":"(anonymous_5)","decl":{"start":{"line":66,"column":30},"end":{"line":66,"column":31}},"loc":{"start":{"line":66,"column":42},"end":{"line":66,"column":53}},"line":66},"6":{"name":"(anonymous_6)","decl":{"start":{"line":70,"column":28},"end":{"line":70,"column":29}},"loc":{"start":{"line":71,"column":20},"end":{"line":98,"column":40}},"line":71},"7":{"name":"(anonymous_7)","decl":{"start":{"line":72,"column":33},"end":{"line":72,"column":34}},"loc":{"start":{"line":72,"column":39},"end":{"line":74,"column":25}},"line":72}},"branchMap":{},"s":{"0":0,"1":0,"2":0,"3":0,"4":0,"5":0,"6":0,"7":0,"8":0,"9":0,"10":0,"11":0,"12":0,"13":0,"14":0},"f":{"0":0,"1":0,"2":0,"3":0,"4":0,"5":0,"6":0,"7":0},"b":{}}
,"C:\\Users\\riado\\OneDrive\\Documentos\\Projects\\GoStack\\GoBarber\\GoBarber-Mobile\\src\\pages\\Profile\\index.tsx": {"path":"C:\\Users\\riado\\OneDrive\\Documentos\\Projects\\GoStack\\GoBarber\\GoBarber-Mobile\\src\\pages\\Profile\\index.tsx","statementMap":{"0":{"start":{"line":39,"column":26},"end":{"line":265,"column":1}},"1":{"start":{"line":40,"column":23},"end":{"line":40,"column":38}},"2":{"start":{"line":41,"column":33},"end":{"line":41,"column":42}},"3":{"start":{"line":43,"column":20},"end":{"line":43,"column":45}},"4":{"start":{"line":44,"column":26},"end":{"line":44,"column":49}},"5":{"start":{"line":45,"column":32},"end":{"line":45,"column":55}},"6":{"start":{"line":46,"column":29},"end":{"line":46,"column":52}},"7":{"start":{"line":47,"column":36},"end":{"line":47,"column":59}},"8":{"start":{"line":49,"column":26},"end":{"line":122,"column":5}},"9":{"start":{"line":51,"column":12},"end":{"line":119,"column":13}},"10":{"start":{"line":52,"column":16},"end":{"line":52,"column":47}},"11":{"start":{"line":54,"column":31},"end":{"line":74,"column":18}},"12":{"start":{"line":62,"column":35},"end":{"line":62,"column":47}},"13":{"start":{"line":69,"column":39},"end":{"line":69,"column":51}},"14":{"start":{"line":76,"column":16},"end":{"line":78,"column":19}},"15":{"start":{"line":86,"column":20},"end":{"line":86,"column":24}},"16":{"start":{"line":88,"column":33},"end":{"line":98,"column":17}},"17":{"start":{"line":100,"column":33},"end":{"line":100,"column":68}},"18":{"start":{"line":101,"column":16},"end":{"line":101,"column":42}},"19":{"start":{"line":103,"column":16},"end":{"line":103,"column":62}},"20":{"start":{"line":105,"column":16},"end":{"line":105,"column":36}},"21":{"start":{"line":107,"column":16},"end":{"line":113,"column":17}},"22":{"start":{"line":108,"column":35},"end":{"line":108,"column":59}},"23":{"start":{"line":110,"column":20},"end":{"line":110,"column":55}},"24":{"start":{"line":112,"column":20},"end":{"line":112,"column":27}},"25":{"start":{"line":115,"column":16},"end":{"line":118,"column":18}},"26":{"start":{"line":124,"column":25},"end":{"line":126,"column":20}},"27":{"start":{"line":125,"column":8},"end":{"line":125,"column":28}},"28":{"start":{"line":128,"column":31},"end":{"line":159,"column":29}},"29":{"start":{"line":129,"column":8},"end":{"line":158,"column":10}},"30":{"start":{"line":137,"column":16},"end":{"line":139,"column":17}},"31":{"start":{"line":138,"column":20},"end":{"line":138,"column":27}},"32":{"start":{"line":141,"column":16},"end":{"line":144,"column":17}},"33":{"start":{"line":142,"column":20},"end":{"line":142,"column":65}},"34":{"start":{"line":143,"column":20},"end":{"line":143,"column":27}},"35":{"start":{"line":146,"column":29},"end":{"line":146,"column":43}},"36":{"start":{"line":148,"column":16},"end":{"line":152,"column":19}},"37":{"start":{"line":154,"column":16},"end":{"line":156,"column":19}},"38":{"start":{"line":155,"column":20},"end":{"line":155,"column":49}},"39":{"start":{"line":161,"column":4},"end":{"line":264,"column":6}},"40":{"start":{"line":197,"column":32},"end":{"line":197,"column":63}},"41":{"start":{"line":210,"column":32},"end":{"line":210,"column":69}},"42":{"start":{"line":223,"column":32},"end":{"line":223,"column":66}},"43":{"start":{"line":236,"column":32},"end":{"line":236,"column":73}},"44":{"start":{"line":249,"column":32},"end":{"line":249,"column":62}},"45":{"start":{"line":256,"column":28},"end":{"line":256,"column":58}}},"fnMap":{"0":{"name":"(anonymous_0)","decl":{"start":{"line":39,"column":26},"end":{"line":39,"column":27}},"loc":{"start":{"line":39,"column":32},"end":{"line":265,"column":1}},"line":39},"1":{"name":"(anonymous_1)","decl":{"start":{"line":50,"column":8},"end":{"line":50,"column":9}},"loc":{"start":{"line":50,"column":41},"end":{"line":120,"column":9}},"line":50},"2":{"name":"(anonymous_2)","decl":{"start":{"line":62,"column":28},"end":{"line":62,"column":29}},"loc":{"start":{"line":62,"column":35},"end":{"line":62,"column":47}},"line":62},"3":{"name":"(anonymous_3)","decl":{"start":{"line":69,"column":32},"end":{"line":69,"column":33}},"loc":{"start":{"line":69,"column":39},"end":{"line":69,"column":51}},"line":69},"4":{"name":"(anonymous_4)","decl":{"start":{"line":124,"column":37},"end":{"line":124,"column":38}},"loc":{"start":{"line":124,"column":43},"end":{"line":126,"column":5}},"line":124},"5":{"name":"(anonymous_5)","decl":{"start":{"line":128,"column":43},"end":{"line":128,"column":44}},"loc":{"start":{"line":128,"column":49},"end":{"line":159,"column":5}},"line":128},"6":{"name":"(anonymous_6)","decl":{"start":{"line":136,"column":12},"end":{"line":136,"column":13}},"loc":{"start":{"line":136,"column":24},"end":{"line":157,"column":13}},"line":136},"7":{"name":"(anonymous_7)","decl":{"start":{"line":154,"column":54},"end":{"line":154,"column":55}},"loc":{"start":{"line":154,"column":69},"end":{"line":156,"column":17}},"line":154},"8":{"name":"(anonymous_8)","decl":{"start":{"line":196,"column":45},"end":{"line":196,"column":46}},"loc":{"start":{"line":196,"column":51},"end":{"line":198,"column":29}},"line":196},"9":{"name":"(anonymous_9)","decl":{"start":{"line":209,"column":45},"end":{"line":209,"column":46}},"loc":{"start":{"line":209,"column":51},"end":{"line":211,"column":29}},"line":209},"10":{"name":"(anonymous_10)","decl":{"start":{"line":222,"column":45},"end":{"line":222,"column":46}},"loc":{"start":{"line":222,"column":51},"end":{"line":224,"column":29}},"line":222},"11":{"name":"(anonymous_11)","decl":{"start":{"line":235,"column":45},"end":{"line":235,"column":46}},"loc":{"start":{"line":235,"column":51},"end":{"line":237,"column":29}},"line":235},"12":{"name":"(anonymous_12)","decl":{"start":{"line":248,"column":45},"end":{"line":248,"column":46}},"loc":{"start":{"line":248,"column":51},"end":{"line":250,"column":29}},"line":248},"13":{"name":"(anonymous_13)","decl":{"start":{"line":255,"column":33},"end":{"line":255,"column":34}},"loc":{"start":{"line":255,"column":39},"end":{"line":257,"column":25}},"line":255}},"branchMap":{"0":{"loc":{"start":{"line":91,"column":24},"end":{"line":97,"column":28}},"type":"cond-expr","locations":[{"start":{"line":92,"column":26},"end":{"line":96,"column":27}},{"start":{"line":97,"column":26},"end":{"line":97,"column":28}}],"line":91},"1":{"loc":{"start":{"line":107,"column":16},"end":{"line":113,"column":17}},"type":"if","locations":[{"start":{"line":107,"column":16},"end":{"line":113,"column":17}},{"start":{"line":107,"column":16},"end":{"line":113,"column":17}}],"line":107},"2":{"loc":{"start":{"line":137,"column":16},"end":{"line":139,"column":17}},"type":"if","locations":[{"start":{"line":137,"column":16},"end":{"line":139,"column":17}},{"start":{"line":137,"column":16},"end":{"line":139,"column":17}}],"line":137},"3":{"loc":{"start":{"line":141,"column":16},"end":{"line":144,"column":17}},"type":"if","locations":[{"start":{"line":141,"column":16},"end":{"line":144,"column":17}},{"start":{"line":141,"column":16},"end":{"line":144,"column":17}}],"line":141},"4":{"loc":{"start":{"line":164,"column":22},"end":{"line":164,"column":67}},"type":"cond-expr","locations":[{"start":{"line":164,"column":46},"end":{"line":164,"column":55}},{"start":{"line":164,"column":58},"end":{"line":164,"column":67}}],"line":164}},"s":{"0":0,"1":0,"2":0,"3":0,"4":0,"5":0,"6":0,"7":0,"8":0,"9":0,"10":0,"11":0,"12":0,"13":0,"14":0,"15":0,"16":0,"17":0,"18":0,"19":0,"20":0,"21":0,"22":0,"23":0,"24":0,"25":0,"26":0,"27":0,"28":0,"29":0,"30":0,"31":0,"32":0,"33":0,"34":0,"35":0,"36":0,"37":0,"38":0,"39":0,"40":0,"41":0,"42":0,"43":0,"44":0,"45":0},"f":{"0":0,"1":0,"2":0,"3":0,"4":0,"5":0,"6":0,"7":0,"8":0,"9":0,"10":0,"11":0,"12":0,"13":0},"b":{"0":[0,0],"1":[0,0],"2":[0,0],"3":[0,0],"4":[0,0]}}
,"C:\\Users\\riado\\OneDrive\\Documentos\\Projects\\GoStack\\GoBarber\\GoBarber-Mobile\\src\\pages\\SignIn\\index.tsx": {"path":"C:\\Users\\riado\\OneDrive\\Documentos\\Projects\\GoStack\\GoBarber\\GoBarber-Mobile\\src\\pages\\SignIn\\index.tsx","statementMap":{"0":{"start":{"line":41,"column":25},"end":{"line":161,"column":1}},"1":{"start":{"line":42,"column":23},"end":{"line":42,"column":38}},"2":{"start":{"line":43,"column":20},"end":{"line":43,"column":45}},"3":{"start":{"line":44,"column":29},"end":{"line":44,"column":52}},"4":{"start":{"line":45,"column":23},"end":{"line":45,"column":32}},"5":{"start":{"line":47,"column":25},"end":{"line":84,"column":5}},"6":{"start":{"line":49,"column":12},"end":{"line":81,"column":13}},"7":{"start":{"line":50,"column":16},"end":{"line":50,"column":47}},"8":{"start":{"line":52,"column":31},"end":{"line":58,"column":18}},"9":{"start":{"line":60,"column":16},"end":{"line":62,"column":19}},"10":{"start":{"line":64,"column":16},"end":{"line":67,"column":19}},"11":{"start":{"line":69,"column":16},"end":{"line":75,"column":17}},"12":{"start":{"line":70,"column":35},"end":{"line":70,"column":59}},"13":{"start":{"line":72,"column":20},"end":{"line":72,"column":55}},"14":{"start":{"line":74,"column":20},"end":{"line":74,"column":27}},"15":{"start":{"line":77,"column":16},"end":{"line":80,"column":18}},"16":{"start":{"line":86,"column":4},"end":{"line":160,"column":6}},"17":{"start":{"line":113,"column":32},"end":{"line":113,"column":66}},"18":{"start":{"line":124,"column":32},"end":{"line":124,"column":62}},"19":{"start":{"line":131,"column":28},"end":{"line":131,"column":58}},"20":{"start":{"line":140,"column":32},"end":{"line":140,"column":51}},"21":{"start":{"line":150,"column":24},"end":{"line":150,"column":54}}},"fnMap":{"0":{"name":"(anonymous_0)","decl":{"start":{"line":41,"column":25},"end":{"line":41,"column":26}},"loc":{"start":{"line":41,"column":31},"end":{"line":161,"column":1}},"line":41},"1":{"name":"(anonymous_1)","decl":{"start":{"line":48,"column":8},"end":{"line":48,"column":9}},"loc":{"start":{"line":48,"column":40},"end":{"line":82,"column":9}},"line":48},"2":{"name":"(anonymous_2)","decl":{"start":{"line":112,"column":45},"end":{"line":112,"column":46}},"loc":{"start":{"line":112,"column":51},"end":{"line":114,"column":29}},"line":112},"3":{"name":"(anonymous_3)","decl":{"start":{"line":123,"column":45},"end":{"line":123,"column":46}},"loc":{"start":{"line":123,"column":51},"end":{"line":125,"column":29}},"line":123},"4":{"name":"(anonymous_4)","decl":{"start":{"line":130,"column":33},"end":{"line":130,"column":34}},"loc":{"start":{"line":130,"column":39},"end":{"line":132,"column":25}},"line":130},"5":{"name":"(anonymous_5)","decl":{"start":{"line":139,"column":37},"end":{"line":139,"column":38}},"loc":{"start":{"line":139,"column":43},"end":{"line":141,"column":29}},"line":139},"6":{"name":"(anonymous_6)","decl":{"start":{"line":149,"column":29},"end":{"line":149,"column":30}},"loc":{"start":{"line":149,"column":35},"end":{"line":151,"column":21}},"line":149}},"branchMap":{"0":{"loc":{"start":{"line":69,"column":16},"end":{"line":75,"column":17}},"type":"if","locations":[{"start":{"line":69,"column":16},"end":{"line":75,"column":17}},{"start":{"line":69,"column":16},"end":{"line":75,"column":17}}],"line":69},"1":{"loc":{"start":{"line":89,"column":22},"end":{"line":89,"column":67}},"type":"cond-expr","locations":[{"start":{"line":89,"column":46},"end":{"line":89,"column":55}},{"start":{"line":89,"column":58},"end":{"line":89,"column":67}}],"line":89}},"s":{"0":1,"1":1,"2":1,"3":1,"4":1,"5":1,"6":0,"7":0,"8":0,"9":0,"10":0,"11":0,"12":0,"13":0,"14":0,"15":0,"16":1,"17":0,"18":0,"19":0,"20":0,"21":0},"f":{"0":1,"1":0,"2":0,"3":0,"4":0,"5":0,"6":0},"b":{"0":[0,0],"1":[1,0]},"_coverageSchema":"1a1c01bbd47fc00a2c39e90264f33305004495a9","hash":"2faeac6512db20dcaa37a347156da69d31098774"}
,"C:\\Users\\riado\\OneDrive\\Documentos\\Projects\\GoStack\\GoBarber\\GoBarber-Mobile\\src\\pages\\SignUp\\index.tsx": {"path":"C:\\Users\\riado\\OneDrive\\Documentos\\Projects\\GoStack\\GoBarber\\GoBarber-Mobile\\src\\pages\\SignUp\\index.tsx","statementMap":{"0":{"start":{"line":32,"column":25},"end":{"line":161,"column":1}},"1":{"start":{"line":33,"column":23},"end":{"line":33,"column":38}},"2":{"start":{"line":35,"column":20},"end":{"line":35,"column":45}},"3":{"start":{"line":36,"column":26},"end":{"line":36,"column":49}},"4":{"start":{"line":37,"column":29},"end":{"line":37,"column":52}},"5":{"start":{"line":39,"column":25},"end":{"line":81,"column":5}},"6":{"start":{"line":41,"column":12},"end":{"line":78,"column":13}},"7":{"start":{"line":42,"column":16},"end":{"line":42,"column":47}},"8":{"start":{"line":44,"column":31},"end":{"line":51,"column":18}},"9":{"start":{"line":53,"column":16},"end":{"line":55,"column":19}},"10":{"start":{"line":57,"column":16},"end":{"line":57,"column":47}},"11":{"start":{"line":59,"column":16},"end":{"line":62,"column":18}},"12":{"start":{"line":64,"column":16},"end":{"line":64,"column":46}},"13":{"start":{"line":66,"column":16},"end":{"line":72,"column":17}},"14":{"start":{"line":67,"column":35},"end":{"line":67,"column":59}},"15":{"start":{"line":69,"column":20},"end":{"line":69,"column":55}},"16":{"start":{"line":71,"column":20},"end":{"line":71,"column":27}},"17":{"start":{"line":74,"column":16},"end":{"line":77,"column":18}},"18":{"start":{"line":83,"column":4},"end":{"line":160,"column":6}},"19":{"start":{"line":109,"column":32},"end":{"line":109,"column":63}},"20":{"start":{"line":122,"column":32},"end":{"line":122,"column":66}},"21":{"start":{"line":134,"column":32},"end":{"line":134,"column":62}},"22":{"start":{"line":141,"column":28},"end":{"line":141,"column":58}},"23":{"start":{"line":150,"column":24},"end":{"line":150,"column":44}}},"fnMap":{"0":{"name":"(anonymous_0)","decl":{"start":{"line":32,"column":25},"end":{"line":32,"column":26}},"loc":{"start":{"line":32,"column":31},"end":{"line":161,"column":1}},"line":32},"1":{"name":"(anonymous_1)","decl":{"start":{"line":40,"column":8},"end":{"line":40,"column":9}},"loc":{"start":{"line":40,"column":40},"end":{"line":79,"column":9}},"line":40},"2":{"name":"(anonymous_2)","decl":{"start":{"line":108,"column":45},"end":{"line":108,"column":46}},"loc":{"start":{"line":108,"column":51},"end":{"line":110,"column":29}},"line":108},"3":{"name":"(anonymous_3)","decl":{"start":{"line":121,"column":45},"end":{"line":121,"column":46}},"loc":{"start":{"line":121,"column":51},"end":{"line":123,"column":29}},"line":121},"4":{"name":"(anonymous_4)","decl":{"start":{"line":133,"column":45},"end":{"line":133,"column":46}},"loc":{"start":{"line":133,"column":51},"end":{"line":135,"column":29}},"line":133},"5":{"name":"(anonymous_5)","decl":{"start":{"line":140,"column":33},"end":{"line":140,"column":34}},"loc":{"start":{"line":140,"column":39},"end":{"line":142,"column":25}},"line":140},"6":{"name":"(anonymous_6)","decl":{"start":{"line":149,"column":29},"end":{"line":149,"column":30}},"loc":{"start":{"line":149,"column":35},"end":{"line":151,"column":21}},"line":149}},"branchMap":{"0":{"loc":{"start":{"line":66,"column":16},"end":{"line":72,"column":17}},"type":"if","locations":[{"start":{"line":66,"column":16},"end":{"line":72,"column":17}},{"start":{"line":66,"column":16},"end":{"line":72,"column":17}}],"line":66},"1":{"loc":{"start":{"line":86,"column":22},"end":{"line":86,"column":67}},"type":"cond-expr","locations":[{"start":{"line":86,"column":46},"end":{"line":86,"column":55}},{"start":{"line":86,"column":58},"end":{"line":86,"column":67}}],"line":86}},"s":{"0":0,"1":0,"2":0,"3":0,"4":0,"5":0,"6":0,"7":0,"8":0,"9":0,"10":0,"11":0,"12":0,"13":0,"14":0,"15":0,"16":0,"17":0,"18":0,"19":0,"20":0,"21":0,"22":0,"23":0},"f":{"0":0,"1":0,"2":0,"3":0,"4":0,"5":0,"6":0},"b":{"0":[0,0],"1":[0,0]}}
}
