TN:
SF:src\components\Button\index.tsx
FN:9,(anonymous_0)
FNF:1
FNH:1
FNDA:1,(anonymous_0)
DA:9,1
DA:10,1
LF:2
LH:2
BRF:0
BRH:0
end_of_record
TN:
SF:src\components\Input\index.tsx
FN:27,(anonymous_0)
FN:35,(anonymous_1)
FN:39,(anonymous_2)
FN:50,(anonymous_3)
FN:51,(anonymous_4)
FN:56,(anonymous_5)
FN:61,(anonymous_6)
FN:65,(anonymous_7)
FN:87,(anonymous_8)
FNF:9
FNH:3
FNDA:2,(anonymous_0)
FNDA:0,(anonymous_1)
FNDA:0,(anonymous_2)
FNDA:1,(anonymous_3)
FNDA:0,(anonymous_4)
FNDA:2,(anonymous_5)
FNDA:0,(anonymous_6)
FNDA:0,(anonymous_7)
FNDA:0,(anonymous_8)
DA:27,1
DA:31,2
DA:32,2
DA:33,2
DA:35,2
DA:36,0
DA:39,2
DA:40,0
DA:42,0
DA:45,2
DA:48,2
DA:50,2
DA:52,0
DA:56,2
DA:57,2
DA:62,0
DA:63,0
DA:66,0
DA:67,0
DA:72,2
DA:88,0
LF:21
LH:12
BRDA:28,0,0,2
BRDA:45,1,0,2
BRDA:81,2,0,0
BRDA:81,2,1,2
BRDA:81,3,0,2
BRDA:81,3,1,2
BRF:6
BRH:5
end_of_record
TN:
SF:src\hooks\auth.tsx
FN:38,(anonymous_0)
FN:42,(anonymous_1)
FN:43,loadStoragedData
FN:62,(anonymous_3)
FN:81,(anonymous_4)
FN:92,(anonymous_5)
FN:107,useAuth
FNF:7
FNH:1
FNDA:0,(anonymous_0)
FNDA:0,(anonymous_1)
FNDA:0,loadStoragedData
FNDA:0,(anonymous_3)
FNDA:0,(anonymous_4)
FNDA:0,(anonymous_5)
FNDA:1,useAuth
DA:36,1
DA:38,1
DA:39,0
DA:40,0
DA:42,0
DA:47,0
DA:52,0
DA:53,0
DA:54,0
DA:56,0
DA:59,0
DA:62,0
DA:63,0
DA:68,0
DA:70,0
DA:75,0
DA:77,0
DA:80,0
DA:82,0
DA:87,0
DA:92,0
DA:93,0
DA:95,0
DA:98,0
DA:108,1
DA:110,1
DA:111,0
DA:113,1
LF:28
LH:5
BRDA:52,0,0,0
BRDA:52,0,1,0
BRDA:52,1,0,0
BRDA:52,1,1,0
BRDA:110,2,0,0
BRDA:110,2,1,1
BRF:6
BRH:1
end_of_record
TN:
SF:src\pages\AppointmentCreated\index.tsx
FN:18,(anonymous_0)
FN:22,(anonymous_1)
FN:33,(anonymous_2)
FNF:3
FNH:0
FNDA:0,(anonymous_0)
FNDA:0,(anonymous_1)
FNDA:0,(anonymous_2)
DA:18,0
DA:19,0
DA:20,0
DA:22,0
DA:23,0
DA:33,0
DA:34,0
DA:43,0
LF:8
LH:0
BRF:0
BRH:0
end_of_record
TN:
SF:src\pages\CreateAppointment\index.tsx
FN:50,(anonymous_0)
FN:66,(anonymous_1)
FN:67,(anonymous_2)
FN:72,(anonymous_3)
FN:79,(anonymous_4)
FN:84,(anonymous_5)
FN:88,(anonymous_6)
FN:92,(anonymous_7)
FN:93,(anonymous_8)
FN:96,(anonymous_9)
FN:106,(anonymous_10)
FN:108,(anonymous_11)
FN:109,(anonymous_12)
FN:118,(anonymous_13)
FN:120,(anonymous_14)
FN:121,(anonymous_15)
FN:130,(anonymous_16)
FN:134,(anonymous_17)
FN:173,(anonymous_18)
FN:174,(anonymous_19)
FN:176,(anonymous_20)
FN:220,(anonymous_21)
FN:224,(anonymous_22)
FN:246,(anonymous_23)
FN:250,(anonymous_24)
FNF:25
FNH:0
FNDA:0,(anonymous_0)
FNDA:0,(anonymous_1)
FNDA:0,(anonymous_2)
FNDA:0,(anonymous_3)
FNDA:0,(anonymous_4)
FNDA:0,(anonymous_5)
FNDA:0,(anonymous_6)
FNDA:0,(anonymous_7)
FNDA:0,(anonymous_8)
FNDA:0,(anonymous_9)
FNDA:0,(anonymous_10)
FNDA:0,(anonymous_11)
FNDA:0,(anonymous_12)
FNDA:0,(anonymous_13)
FNDA:0,(anonymous_14)
FNDA:0,(anonymous_15)
FNDA:0,(anonymous_16)
FNDA:0,(anonymous_17)
FNDA:0,(anonymous_18)
FNDA:0,(anonymous_19)
FNDA:0,(anonymous_20)
FNDA:0,(anonymous_21)
FNDA:0,(anonymous_22)
FNDA:0,(anonymous_23)
FNDA:0,(anonymous_24)
DA:50,0
DA:51,0
DA:52,0
DA:53,0
DA:54,0
DA:55,0
DA:56,0
DA:57,0
DA:59,0
DA:61,0
DA:64,0
DA:66,0
DA:67,0
DA:68,0
DA:72,0
DA:73,0
DA:80,0
DA:84,0
DA:85,0
DA:88,0
DA:89,0
DA:92,0
DA:93,0
DA:96,0
DA:97,0
DA:98,0
DA:101,0
DA:102,0
DA:106,0
DA:107,0
DA:108,0
DA:110,0
DA:118,0
DA:119,0
DA:120,0
DA:122,0
DA:130,0
DA:131,0
DA:134,0
DA:135,0
DA:136,0
DA:138,0
DA:139,0
DA:141,0
DA:146,0
DA:148,0
DA:155,0
DA:173,0
DA:175,0
DA:177,0
DA:221,0
DA:225,0
DA:247,0
DA:251,0
LF:54
LH:0
BRDA:97,0,0,0
BRDA:97,0,1,0
BRDA:101,1,0,0
BRDA:101,1,1,0
BRDA:202,2,0,0
BRDA:202,2,1,0
BRF:6
BRH:0
end_of_record
TN:
SF:src\pages\Dashboard\index.tsx
FN:29,(anonymous_0)
FN:34,(anonymous_1)
FN:35,(anonymous_2)
FN:40,(anonymous_3)
FN:45,(anonymous_4)
FN:66,(anonymous_5)
FN:70,(anonymous_6)
FN:72,(anonymous_7)
FNF:8
FNH:0
FNDA:0,(anonymous_0)
FNDA:0,(anonymous_1)
FNDA:0,(anonymous_2)
FNDA:0,(anonymous_3)
FNDA:0,(anonymous_4)
FNDA:0,(anonymous_5)
FNDA:0,(anonymous_6)
FNDA:0,(anonymous_7)
DA:29,0
DA:30,0
DA:31,0
DA:32,0
DA:34,0
DA:35,0
DA:36,0
DA:40,0
DA:41,0
DA:44,0
DA:46,0
DA:51,0
DA:66,0
DA:71,0
DA:73,0
LF:15
LH:0
BRF:0
BRH:0
end_of_record
TN:
SF:src\pages\Profile\index.tsx
FN:39,(anonymous_0)
FN:50,(anonymous_1)
FN:62,(anonymous_2)
FN:69,(anonymous_3)
FN:124,(anonymous_4)
FN:128,(anonymous_5)
FN:136,(anonymous_6)
FN:154,(anonymous_7)
FN:196,(anonymous_8)
FN:209,(anonymous_9)
FN:222,(anonymous_10)
FN:235,(anonymous_11)
FN:248,(anonymous_12)
FN:255,(anonymous_13)
FNF:14
FNH:0
FNDA:0,(anonymous_0)
FNDA:0,(anonymous_1)
FNDA:0,(anonymous_2)
FNDA:0,(anonymous_3)
FNDA:0,(anonymous_4)
FNDA:0,(anonymous_5)
FNDA:0,(anonymous_6)
FNDA:0,(anonymous_7)
FNDA:0,(anonymous_8)
FNDA:0,(anonymous_9)
FNDA:0,(anonymous_10)
FNDA:0,(anonymous_11)
FNDA:0,(anonymous_12)
FNDA:0,(anonymous_13)
DA:39,0
DA:40,0
DA:41,0
DA:43,0
DA:44,0
DA:45,0
DA:46,0
DA:47,0
DA:49,0
DA:51,0
DA:52,0
DA:54,0
DA:62,0
DA:69,0
DA:76,0
DA:86,0
DA:88,0
DA:100,0
DA:101,0
DA:103,0
DA:105,0
DA:107,0
DA:108,0
DA:110,0
DA:112,0
DA:115,0
DA:124,0
DA:125,0
DA:128,0
DA:129,0
DA:137,0
DA:138,0
DA:141,0
DA:142,0
DA:143,0
DA:146,0
DA:148,0
DA:154,0
DA:155,0
DA:161,0
DA:197,0
DA:210,0
DA:223,0
DA:236,0
DA:249,0
DA:256,0
LF:46
LH:0
BRDA:91,0,0,0
BRDA:91,0,1,0
BRDA:107,1,0,0
BRDA:107,1,1,0
BRDA:137,2,0,0
BRDA:137,2,1,0
BRDA:141,3,0,0
BRDA:141,3,1,0
BRDA:164,4,0,0
BRDA:164,4,1,0
BRF:10
BRH:0
end_of_record
TN:
SF:src\pages\SignIn\index.tsx
FN:41,(anonymous_0)
FN:48,(anonymous_1)
FN:112,(anonymous_2)
FN:123,(anonymous_3)
FN:130,(anonymous_4)
FN:139,(anonymous_5)
FN:149,(anonymous_6)
FNF:7
FNH:1
FNDA:1,(anonymous_0)
FNDA:0,(anonymous_1)
FNDA:0,(anonymous_2)
FNDA:0,(anonymous_3)
FNDA:0,(anonymous_4)
FNDA:0,(anonymous_5)
FNDA:0,(anonymous_6)
DA:41,1
DA:42,1
DA:43,1
DA:44,1
DA:45,1
DA:47,1
DA:49,0
DA:50,0
DA:52,0
DA:60,0
DA:64,0
DA:69,0
DA:70,0
DA:72,0
DA:74,0
DA:77,0
DA:86,1
DA:113,0
DA:124,0
DA:131,0
DA:140,0
DA:150,0
LF:22
LH:7
BRDA:69,0,0,0
BRDA:69,0,1,0
BRDA:89,1,0,1
BRDA:89,1,1,0
BRF:4
BRH:1
end_of_record
TN:
SF:src\pages\SignUp\index.tsx
FN:32,(anonymous_0)
FN:40,(anonymous_1)
FN:108,(anonymous_2)
FN:121,(anonymous_3)
FN:133,(anonymous_4)
FN:140,(anonymous_5)
FN:149,(anonymous_6)
FNF:7
FNH:0
FNDA:0,(anonymous_0)
FNDA:0,(anonymous_1)
FNDA:0,(anonymous_2)
FNDA:0,(anonymous_3)
FNDA:0,(anonymous_4)
FNDA:0,(anonymous_5)
FNDA:0,(anonymous_6)
DA:32,0
DA:33,0
DA:35,0
DA:36,0
DA:37,0
DA:39,0
DA:41,0
DA:42,0
DA:44,0
DA:53,0
DA:57,0
DA:59,0
DA:64,0
DA:66,0
DA:67,0
DA:69,0
DA:71,0
DA:74,0
DA:83,0
DA:109,0
DA:122,0
DA:134,0
DA:141,0
DA:150,0
LF:24
LH:0
BRDA:66,0,0,0
BRDA:66,0,1,0
BRDA:86,1,0,0
BRDA:86,1,1,0
BRF:4
BRH:0
end_of_record
